<?xml version="1.0" encoding="UTF-8"?>
<testng-results skipped="0" failed="0" ignored="0" total="2" passed="2">
  <reporter-output>
  </reporter-output>
  <suite name="Default suite" duration-ms="324" started-at="2019-08-07T21:11:38Z" finished-at="2019-08-07T21:11:38Z">
    <groups>
    </groups>
    <test name="Default test" duration-ms="324" started-at="2019-08-07T21:11:38Z" finished-at="2019-08-07T21:11:38Z">
      <class name="com.qa.tests.TestBase">
        <test-method status="PASS" signature="firstTestcase()[pri:1, instance:com.qa.tests.TestBase@48e4374]" name="firstTestcase" duration-ms="70" started-at="2019-08-07T21:11:38Z" finished-at="2019-08-07T21:11:38Z">
          <reporter-output>
          </reporter-output>
        </test-method> <!-- firstTestcase -->
        <test-method status="PASS" signature="testMultiply()[pri:1, instance:com.qa.tests.TestBase@48e4374]" name="testMultiply" duration-ms="15" started-at="2019-08-07T21:11:38Z" finished-at="2019-08-07T21:11:38Z">
          <reporter-output>
          </reporter-output>
        </test-method> <!-- testMultiply -->
      </class> <!-- com.qa.tests.TestBase -->
    </test> <!-- Default test -->
  </suite> <!-- Default suite -->
</testng-results>
