<?xml version="1.0" encoding="UTF-8"?>
<testng-results skipped="0" failed="0" ignored="0" total="1" passed="1">
  <reporter-output>
  </reporter-output>
  <suite name="Default suite" duration-ms="123" started-at="2019-08-06T22:35:57Z" finished-at="2019-08-06T22:35:57Z">
    <groups>
    </groups>
    <test name="Default test" duration-ms="123" started-at="2019-08-06T22:35:57Z" finished-at="2019-08-06T22:35:57Z">
      <class name="com.qa.tests.TestBase">
        <test-method status="PASS" signature="firstTestcase()[pri:0, instance:com.qa.tests.TestBase@50c87b21]" name="firstTestcase" duration-ms="31" started-at="2019-08-06T22:35:57Z" finished-at="2019-08-06T22:35:57Z">
          <reporter-output>
          </reporter-output>
        </test-method> <!-- firstTestcase -->
      </class> <!-- com.qa.tests.TestBase -->
    </test> <!-- Default test -->
  </suite> <!-- Default suite -->
</testng-results>
